2023-10-27 10:00:01 INFO: Application started successfully.
2023-10-27 10:00:02 DEBUG: Initializing module A.
2023-10-27 10:00:03 INFO: User 'admin' logged in from 192.168.1.100.
2023-10-27 10:00:04 WARNING: Low memory alert: 15% available.
2023-10-27 10:00:05 DEBUG: Processing data item 123. Category: high_priority. Task_ID: abcd.
2023-10-27 10:00:06 INFO: Data processing for item 123 completed.
2023-10-27 10:00:07 ERROR: Failed to connect to database 'main_db'. Retrying...
2023-10-27 10:00:08 DEBUG: Attempting to reconnect to DB.
2023-10-27 10:00:09 INFO: Connection to 'main_db' re-established.
2023-10-27 10:00:10 WARNING: Disk space is running low (80% full). Please clean up.
2023-10-27 10:00:11 INFO: User 'test_user' logged in.
2023-10-27 10:00:12 DEBUG: Validating input parameters for report generation.
2023-10-27 10:00:13 INFO: Report generation initiated by 'admin'.
2023-10-27 10:00:14 INFO: Application heartbeat received. System healthy.
2023-10-27 10:00:15 INFO: User 'test_user' logged in.
2023-10-27 10:00:16 DEBUG: Fetching configuration for service X. Version 2.0.
2023-10-27 10:00:17 WARNING: Configuration file for service Y not found. Using defaults.
2023-10-27 10:00:18 INFO: Service X started successfully.
2023-10-27 10:00:19 ERROR: Network timeout when accessing external API. Host: api.example.com.
2023-10-27 10:00:20 INFO: Application shutdown initiated.
2023-10-27 10:00:21 DEBUG: Cleaning up temporary files.
2023-10-27 10:00:22 INFO: Application shutdown complete.
2023-10-27 10:00:23 INFO: Application started successfully.
2023-10-27 10:00:24 DEBUG: Processing data item 124. Category: low_priority.
2023-10-27 10:00:25 INFO: Data processing for item 124 completed.
2023-10-27 10:00:26 WARNING: Certificate will expire soon for domain example.com.
2023-10-27 10:00:27 INFO: Backup process started.
2023-10-27 10:00:28 DEBUG: Verifying data integrity post-backup.
2023-10-27 10:00:29 INFO: Backup process completed successfully.
2023-10-27 10:00:30 ERROR: Invalid user 'guest' attempted login.
2023-10-27 10:00:31 INFO: User 'admin' logged out.
2023-10-27 10:00:32 DEBUG: Loading new feature flags.
2023-10-27 10:00:33 INFO: Feature flag 'new_ui' enabled.
2023-10-27 10:00:34 INFO: System health check passed.
2023-10-27 10:00:35 DEBUG: Allocating resources for batch job.
2023-10-27 10:00:36 INFO: Batch job 'daily_report' started.
2023-10-27 10:00:37 WARNING: High CPU usage detected (95%).
2023-10-27 10:00:38 INFO: Batch job 'daily_report' finished.
2023-10-27 10:00:39 INFO: User 'monitor' accessed audit logs.
2023-10-27 10:00:40 DEBUG: Flushing cache entries.
2023-10-27 10:00:41 INFO: Cache cleared successfully.
2023-10-27 10:00:42 ERROR: File 'config.json' not found during startup.
2023-10-27 10:00:43 INFO: Application started with default config.
2023-10-27 10:00:44 DEBUG: Performing database optimization.
2023-10-27 10:00:45 INFO: Database optimization complete.
2023-10-27 10:00:46 INFO: User 'admin' updated system settings.
2023-10-27 10:00:47 WARNING: Unhandled exception in background task.
2023-10-27 10:00:48 INFO: Error reported to monitoring system.
2023-10-27 10:00:49 DEBUG: Preparing email notification.
2023-10-27 10:00:50 INFO: Email notification sent to support.